<?xml version="1.0" encoding="UTF-8"?>
<!-- Generated by org.testng.reporters.JUnitReportReporter -->
<testsuite hostname="SachinTY.local" failures="0" tests="2" name="Ageas.AG001_Verify_Proxy_checks1" time="5.672" errors="1" timestamp="2023-11-24T19:39:11 IST" skipped="1">
  <testcase classname="Ageas.AG001_Verify_Proxy_checks1" name="opensettingIPA" time="5.672">
    <error message="The element By.id: SettingsText is not locatable anymore because its context has been garbage collected" type="java.lang.IllegalStateException">
      <![CDATA[java.lang.IllegalStateException: The element By.id: SettingsText is not locatable anymore because its context has been garbage collected
at io.appium.java_client.pagefactory.AppiumElementLocator.lambda$findElement$0(AppiumElementLocator.java:154)
at java.base/java.util.Optional.orElseThrow(Optional.java:403)
at io.appium.java_client.pagefactory.AppiumElementLocator.findElement(AppiumElementLocator.java:153)
at io.appium.java_client.pagefactory.interceptors.InterceptorOfASingleElement.call(InterceptorOfASingleElement.java:64)
at io.appium.java_client.proxy.Interceptor.intercept(Interceptor.java:77)
at org.openqa.selenium.remote.RemoteWebElement$ByteBuddy$iV01wyCJ.getText(Unknown Source)
at Resources.base.verifyElementIsHavingExpectedText(base.java:278)
at Ageas.AG001_Verify_Proxy_checks1.opensettingIPA(AG001_Verify_Proxy_checks1.java:58)
at java.base/jdk.internal.reflect.NativeMethodAccessorImpl.invoke0(Native Method)
at java.base/jdk.internal.reflect.NativeMethodAccessorImpl.invoke(NativeMethodAccessorImpl.java:77)
at java.base/jdk.internal.reflect.DelegatingMethodAccessorImpl.invoke(DelegatingMethodAccessorImpl.java:43)
at java.base/java.lang.reflect.Method.invoke(Method.java:568)
at org.testng.internal.MethodInvocationHelper.invokeMethod(MethodInvocationHelper.java:133)
at org.testng.internal.MethodInvocationHelper.invokeMethodConsideringTimeout(MethodInvocationHelper.java:62)
at org.testng.internal.ConfigInvoker.invokeConfigurationMethod(ConfigInvoker.java:385)
at org.testng.internal.ConfigInvoker.invokeConfigurations(ConfigInvoker.java:321)
at org.testng.TestRunner.invokeTestConfigurations(TestRunner.java:637)
at org.testng.TestRunner.beforeRun(TestRunner.java:627)
at org.testng.TestRunner.run(TestRunner.java:589)
at org.testng.SuiteRunner.runTest(SuiteRunner.java:377)
at org.testng.SuiteRunner.runSequentially(SuiteRunner.java:371)
at org.testng.SuiteRunner.privateRun(SuiteRunner.java:332)
at org.testng.SuiteRunner.run(SuiteRunner.java:276)
at org.testng.SuiteRunnerWorker.runSuite(SuiteRunnerWorker.java:53)
at org.testng.SuiteRunnerWorker.run(SuiteRunnerWorker.java:96)
at org.testng.TestNG.runSuitesSequentially(TestNG.java:1212)
at org.testng.TestNG.runSuitesLocally(TestNG.java:1134)
at org.testng.TestNG.runSuites(TestNG.java:1063)
at org.testng.TestNG.run(TestNG.java:1031)
at org.testng.remote.AbstractRemoteTestNG.run(AbstractRemoteTestNG.java:115)
at org.testng.remote.RemoteTestNG.initAndRun(RemoteTestNG.java:251)
at org.testng.remote.RemoteTestNG.main(RemoteTestNG.java:77)
]]>
    </error>
  </testcase> <!-- opensettingIPA -->
  <system-out/>
  <testcase classname="Ageas.AG001_Verify_Proxy_checks1" name="verify_proxy_checks" time="0.000">
    <skipped/>
  </testcase> <!-- verify_proxy_checks -->
  <system-out/>
</testsuite> <!-- Ageas.AG001_Verify_Proxy_checks1 -->
