<?xml version="1.0" encoding="UTF-8"?>
<!-- Generated by org.testng.reporters.JUnitReportReporter -->
<testsuite hostname="SachinTY.local" failures="0" tests="1" name="Ageas.AG001_Verify_Proxy_Popup" time="83.019" errors="0" timestamp="2023-11-27T09:46:38 IST" skipped="0">
  <testcase classname="Ageas.AG001_Verify_Proxy_Popup" name="verify_proxy_checks" time="83.019"/>
  <system-out/>
</testsuite> <!-- Ageas.AG001_Verify_Proxy_Popup -->
