<?xml version="1.0" encoding="UTF-8"?>
<!-- Generated by org.testng.reporters.JUnitReportReporter -->
<testsuite hostname="SachinTY.local" failures="0" tests="1" name="Ageas.AG003_Verify_Screen_Mirroring_Popup" time="108.759" errors="0" timestamp="2023-11-26T23:11:46 IST" skipped="0">
  <testcase classname="Ageas.AG003_Verify_Screen_Mirroring_Popup" name="verify_Screen_Mirroring_Popup" time="108.759"/>
  <system-out/>
</testsuite> <!-- Ageas.AG003_Verify_Screen_Mirroring_Popup -->
