<?xml version="1.0" encoding="UTF-8"?>
<!-- Generated by org.testng.reporters.JUnitReportReporter -->
<testsuite hostname="SachinTY.local" failures="0" tests="1" name="Ageas.fgh" time="41.683" errors="0" timestamp="2023-11-24T20:45:00 IST" skipped="0">
  <testcase classname="Ageas.fgh" name="fgh" time="41.683"/>
  <system-out/>
</testsuite> <!-- Ageas.fgh -->
