<?xml version="1.0" encoding="UTF-8"?>
<!-- Generated by org.testng.reporters.JUnitReportReporter -->
<testsuite hostname="SachinTY.local" failures="0" tests="1" name="Ageas.AG001_Verify_Proxy_checks" time="78.738" errors="0" timestamp="2023-11-26T17:28:04 IST" skipped="0">
  <testcase classname="Ageas.AG001_Verify_Proxy_checks" name="verify_proxy_checks" time="78.738"/>
  <system-out/>
</testsuite> <!-- Ageas.AG001_Verify_Proxy_checks -->
