<?xml version="1.0" encoding="UTF-8"?>
<!-- Generated by org.testng.reporters.JUnitReportReporter -->
<testsuite hostname="SachinTY.local" failures="0" tests="1" name="Ageas.AG002_Verify_VPN_Popup" time="69.743" errors="0" timestamp="2023-11-26T23:06:23 IST" skipped="0">
  <testcase classname="Ageas.AG002_Verify_VPN_Popup" name="verify_VPN_Popup" time="69.743"/>
  <system-out/>
</testsuite> <!-- Ageas.AG002_Verify_VPN_Popup -->
